# JRE version: Java(TM) SE Runtime Environment (8.0_141-b15) (build 1.8.0_141-b15)
# Java VM: Java HotSpot(TM) 64-Bit Server VM (25.141-b15 mixed mode windows-amd64 compressed oops)
Heap:
 PSYoungGen      total 141824K, used 37473K [0x000000076ae00000, 0x0000000774300000, 0x00000007c0000000)
  eden space 131072K, 20% used [0x000000076ae00000,0x000000076c81ff28,0x0000000772e00000)
  from space 10752K, 99% used [0x0000000773880000,0x00000007742f8530,0x0000000774300000)
  to   space 10752K, 0% used [0x0000000772e00000,0x0000000772e00000,0x0000000773880000)
 ParOldGen       total 175104K, used 1149K [0x00000006c0a00000, 0x00000006cb500000, 0x000000076ae00000)
  object space 175104K, 0% used [0x00000006c0a00000,0x00000006c0b1f4c0,0x00000006cb500000)
 Metaspace       used 15661K, capacity 15880K, committed 16128K, reserved 1062912K
  class space    used 1873K, capacity 1947K, committed 2048K, reserved 1048576K
GC Heap History (4 events):
Event: 3.372 GC heap before
{Heap before GC invocations=1 (full 0):
 PSYoungGen      total 76288K, used 65536K [0x000000076ae00000, 0x0000000770300000, 0x00000007c0000000)
  eden space 65536K, 100% used [0x000000076ae00000,0x000000076ee00000,0x000000076ee00000)
  from space 10752K, 0% used [0x000000076f880000,0x000000076f880000,0x0000000770300000)
  to   space 10752K, 0% used [0x000000076ee00000,0x000000076ee00000,0x000000076f880000)
 ParOldGen       total 175104K, used 0K [0x00000006c0a00000, 0x00000006cb500000, 0x000000076ae00000)
  object space 175104K, 0% used [0x00000006c0a00000,0x00000006c0a00000,0x00000006cb500000)
 Metaspace       used 12008K, capacity 12222K, committed 12416K, reserved 1060864K
  class space    used 1499K, capacity 1578K, committed 1664K, reserved 1048576K
Event: 3.560 GC heap after
Heap after GC invocations=1 (full 0):
 PSYoungGen      total 76288K, used 10570K [0x000000076ae00000, 0x0000000774300000, 0x00000007c0000000)
  eden space 65536K, 0% used [0x000000076ae00000,0x000000076ae00000,0x000000076ee00000)
  from space 10752K, 98% used [0x000000076ee00000,0x000000076f852b40,0x000000076f880000)
  to   space 10752K, 0% used [0x0000000773880000,0x0000000773880000,0x0000000774300000)
 ParOldGen       total 175104K, used 16K [0x00000006c0a00000, 0x00000006cb500000, 0x000000076ae00000)
  object space 175104K, 0% used [0x00000006c0a00000,0x00000006c0a04000,0x00000006cb500000)
 Metaspace       used 12008K, capacity 12222K, committed 12416K, reserved 1060864K
  class space    used 1499K, capacity 1578K, committed 1664K, reserved 1048576K
}
Event: 7.959 GC heap before
{Heap before GC invocations=2 (full 0):
 PSYoungGen      total 76288K, used 76106K [0x000000076ae00000, 0x0000000774300000, 0x00000007c0000000)
  eden space 65536K, 100% used [0x000000076ae00000,0x000000076ee00000,0x000000076ee00000)
  from space 10752K, 98% used [0x000000076ee00000,0x000000076f852b40,0x000000076f880000)
  to   space 10752K, 0% used [0x0000000773880000,0x0000000773880000,0x0000000774300000)
 ParOldGen       total 175104K, used 16K [0x00000006c0a00000, 0x00000006cb500000, 0x000000076ae00000)
  object space 175104K, 0% used [0x00000006c0a00000,0x00000006c0a04000,0x00000006cb500000)
 Metaspace       used 15482K, capacity 15752K, committed 16128K, reserved 1062912K
  class space    used 1860K, capacity 1947K, committed 2048K, reserved 1048576K
Event: 8.112 GC heap after
Heap after GC invocations=2 (full 0):
 PSYoungGen      total 141824K, used 10721K [0x000000076ae00000, 0x0000000774300000, 0x00000007c0000000)
  eden space 131072K, 0% used [0x000000076ae00000,0x000000076ae00000,0x0000000772e00000)
  from space 10752K, 99% used [0x0000000773880000,0x00000007742f8530,0x0000000774300000)
  to   space 10752K, 0% used [0x0000000772e00000,0x0000000772e00000,0x0000000773880000)
 ParOldGen       total 175104K, used 1149K [0x00000006c0a00000, 0x00000006cb500000, 0x000000076ae00000)
  object space 175104K, 0% used [0x00000006c0a00000,0x00000006c0b1f4c0,0x00000006cb500000)
 Metaspace       used 15482K, capacity 15752K, committed 16128K, reserved 1062912K
  class space    used 1860K, capacity 1947K, committed 2048K, reserved 1048576K
}

