# JRE version: Java(TM) SE Runtime Environment (8.0_141-b15) (build 1.8.0_141-b15)
# Java VM: Java HotSpot(TM) 64-Bit Server VM (25.141-b15 mixed mode windows-amd64 compressed oops)
Heap:
 PSYoungGen      total 76288K, used 58211K [0x000000076ae00000, 0x0000000772400000, 0x00000007c0000000)
  eden space 58880K, 71% used [0x000000076ae00000,0x000000076d7441c0,0x000000076e780000)
  from space 17408K, 91% used [0x000000076e780000,0x000000076f714b78,0x000000076f880000)
  to   space 18432K, 0% used [0x0000000771200000,0x0000000771200000,0x0000000772400000)
 ParOldGen       total 130048K, used 25270K [0x00000006c0a00000, 0x00000006c8900000, 0x000000076ae00000)
  object space 130048K, 19% used [0x00000006c0a00000,0x00000006c22ada70,0x00000006c8900000)
 Metaspace       used 25870K, capacity 26748K, committed 27056K, reserved 1073152K
  class space    used 3070K, capacity 3230K, committed 3248K, reserved 1048576K
GC Heap History (10 events):
Event: 2.659 GC heap before
{Heap before GC invocations=4 (full 0):
 PSYoungGen      total 76288K, used 76264K [0x000000076ae00000, 0x0000000770300000, 0x00000007c0000000)
  eden space 65536K, 100% used [0x000000076ae00000,0x000000076ee00000,0x000000076ee00000)
  from space 10752K, 99% used [0x000000076ee00000,0x000000076f87a020,0x000000076f880000)
  to   space 10752K, 0% used [0x000000076f880000,0x000000076f880000,0x0000000770300000)
 ParOldGen       total 175104K, used 7162K [0x00000006c0a00000, 0x00000006cb500000, 0x000000076ae00000)
  object space 175104K, 4% used [0x00000006c0a00000,0x00000006c10fea38,0x00000006cb500000)
 Metaspace       used 17025K, capacity 17518K, committed 17792K, reserved 1064960K
  class space    used 1983K, capacity 2058K, committed 2176K, reserved 1048576K
Event: 2.673 GC heap after
Heap after GC invocations=4 (full 0):
 PSYoungGen      total 76288K, used 10744K [0x000000076ae00000, 0x0000000770300000, 0x00000007c0000000)
  eden space 65536K, 0% used [0x000000076ae00000,0x000000076ae00000,0x000000076ee00000)
  from space 10752K, 99% used [0x000000076f880000,0x00000007702fe050,0x0000000770300000)
  to   space 10752K, 0% used [0x000000076ee00000,0x000000076ee00000,0x000000076f880000)
 ParOldGen       total 175104K, used 12037K [0x00000006c0a00000, 0x00000006cb500000, 0x000000076ae00000)
  object space 175104K, 6% used [0x00000006c0a00000,0x00000006c15c1650,0x00000006cb500000)
 Metaspace       used 17025K, capacity 17518K, committed 17792K, reserved 1064960K
  class space    used 1983K, capacity 2058K, committed 2176K, reserved 1048576K
}
Event: 3.083 GC heap before
{Heap before GC invocations=5 (full 0):
 PSYoungGen      total 76288K, used 39571K [0x000000076ae00000, 0x0000000770300000, 0x00000007c0000000)
  eden space 65536K, 43% used [0x000000076ae00000,0x000000076ca26eb0,0x000000076ee00000)
  from space 10752K, 99% used [0x000000076f880000,0x00000007702fe050,0x0000000770300000)
  to   space 10752K, 0% used [0x000000076ee00000,0x000000076ee00000,0x000000076f880000)
 ParOldGen       total 175104K, used 12037K [0x00000006c0a00000, 0x00000006cb500000, 0x000000076ae00000)
  object space 175104K, 6% used [0x00000006c0a00000,0x00000006c15c1650,0x00000006cb500000)
 Metaspace       used 20686K, capacity 21208K, committed 21296K, reserved 1069056K
  class space    used 2462K, capacity 2587K, committed 2608K, reserved 1048576K
Event: 3.098 GC heap after
Heap after GC invocations=5 (full 0):
 PSYoungGen      total 76288K, used 10736K [0x000000076ae00000, 0x0000000770300000, 0x00000007c0000000)
  eden space 65536K, 0% used [0x000000076ae00000,0x000000076ae00000,0x000000076ee00000)
  from space 10752K, 99% used [0x000000076ee00000,0x000000076f87c1a0,0x000000076f880000)
  to   space 10752K, 0% used [0x000000076f880000,0x000000076f880000,0x0000000770300000)
 ParOldGen       total 175104K, used 14095K [0x00000006c0a00000, 0x00000006cb500000, 0x000000076ae00000)
  object space 175104K, 8% used [0x00000006c0a00000,0x00000006c17c3e68,0x00000006cb500000)
 Metaspace       used 20686K, capacity 21208K, committed 21296K, reserved 1069056K
  class space    used 2462K, capacity 2587K, committed 2608K, reserved 1048576K
}
Event: 3.098 GC heap before
{Heap before GC invocations=6 (full 1):
 PSYoungGen      total 76288K, used 10736K [0x000000076ae00000, 0x0000000770300000, 0x00000007c0000000)
  eden space 65536K, 0% used [0x000000076ae00000,0x000000076ae00000,0x000000076ee00000)
  from space 10752K, 99% used [0x000000076ee00000,0x000000076f87c1a0,0x000000076f880000)
  to   space 10752K, 0% used [0x000000076f880000,0x000000076f880000,0x0000000770300000)
 ParOldGen       total 175104K, used 14095K [0x00000006c0a00000, 0x00000006cb500000, 0x000000076ae00000)
  object space 175104K, 8% used [0x00000006c0a00000,0x00000006c17c3e68,0x00000006cb500000)
 Metaspace       used 20686K, capacity 21208K, committed 21296K, reserved 1069056K
  class space    used 2462K, capacity 2587K, committed 2608K, reserved 1048576K
Event: 3.184 GC heap after
Heap after GC invocations=6 (full 1):
 PSYoungGen      total 76288K, used 0K [0x000000076ae00000, 0x0000000770300000, 0x00000007c0000000)
  eden space 65536K, 0% used [0x000000076ae00000,0x000000076ae00000,0x000000076ee00000)
  from space 10752K, 0% used [0x000000076ee00000,0x000000076ee00000,0x000000076f880000)
  to   space 10752K, 0% used [0x000000076f880000,0x000000076f880000,0x0000000770300000)
 ParOldGen       total 130048K, used 21975K [0x00000006c0a00000, 0x00000006c8900000, 0x000000076ae00000)
  object space 130048K, 16% used [0x00000006c0a00000,0x00000006c1f75c28,0x00000006c8900000)
 Metaspace       used 20686K, capacity 21208K, committed 21296K, reserved 1069056K
  class space    used 2462K, capacity 2587K, committed 2608K, reserved 1048576K
}
Event: 3.975 GC heap before
{Heap before GC invocations=7 (full 1):
 PSYoungGen      total 76288K, used 65536K [0x000000076ae00000, 0x0000000770300000, 0x00000007c0000000)
  eden space 65536K, 100% used [0x000000076ae00000,0x000000076ee00000,0x000000076ee00000)
  from space 10752K, 0% used [0x000000076ee00000,0x000000076ee00000,0x000000076f880000)
  to   space 10752K, 0% used [0x000000076f880000,0x000000076f880000,0x0000000770300000)
 ParOldGen       total 130048K, used 21975K [0x00000006c0a00000, 0x00000006c8900000, 0x000000076ae00000)
  object space 130048K, 16% used [0x00000006c0a00000,0x00000006c1f75c28,0x00000006c8900000)
 Metaspace       used 22984K, capacity 23612K, committed 23856K, reserved 1071104K
  class space    used 2720K, capacity 2855K, committed 2864K, reserved 1048576K
Event: 3.990 GC heap after
Heap after GC invocations=7 (full 1):
 PSYoungGen      total 69632K, used 10725K [0x000000076ae00000, 0x0000000772c80000, 0x00000007c0000000)
  eden space 58880K, 0% used [0x000000076ae00000,0x000000076ae00000,0x000000076e780000)
  from space 10752K, 99% used [0x000000076f880000,0x00000007702f9758,0x0000000770300000)
  to   space 17408K, 0% used [0x000000076e780000,0x000000076e780000,0x000000076f880000)
 ParOldGen       total 130048K, used 25262K [0x00000006c0a00000, 0x00000006c8900000, 0x000000076ae00000)
  object space 130048K, 19% used [0x00000006c0a00000,0x00000006c22aba70,0x00000006c8900000)
 Metaspace       used 22984K, capacity 23612K, committed 23856K, reserved 1071104K
  class space    used 2720K, capacity 2855K, committed 2864K, reserved 1048576K
}
Event: 4.575 GC heap before
{Heap before GC invocations=8 (full 1):
 PSYoungGen      total 69632K, used 69605K [0x000000076ae00000, 0x0000000772c80000, 0x00000007c0000000)
  eden space 58880K, 100% used [0x000000076ae00000,0x000000076e780000,0x000000076e780000)
  from space 10752K, 99% used [0x000000076f880000,0x00000007702f9758,0x0000000770300000)
  to   space 17408K, 0% used [0x000000076e780000,0x000000076e780000,0x000000076f880000)
 ParOldGen       total 130048K, used 25262K [0x00000006c0a00000, 0x00000006c8900000, 0x000000076ae00000)
  object space 130048K, 19% used [0x00000006c0a00000,0x00000006c22aba70,0x00000006c8900000)
 Metaspace       used 24348K, capacity 25120K, committed 25264K, reserved 1071104K
  class space    used 2864K, capacity 2988K, committed 2992K, reserved 1048576K
Event: 4.584 GC heap after
Heap after GC invocations=8 (full 1):
 PSYoungGen      total 76288K, used 15954K [0x000000076ae00000, 0x0000000772400000, 0x00000007c0000000)
  eden space 58880K, 0% used [0x000000076ae00000,0x000000076ae00000,0x000000076e780000)
  from space 17408K, 91% used [0x000000076e780000,0x000000076f714b78,0x000000076f880000)
  to   space 18432K, 0% used [0x0000000771200000,0x0000000771200000,0x0000000772400000)
 ParOldGen       total 130048K, used 25270K [0x00000006c0a00000, 0x00000006c8900000, 0x000000076ae00000)
  object space 130048K, 19% used [0x00000006c0a00000,0x00000006c22ada70,0x00000006c8900000)
 Metaspace       used 24348K, capacity 25120K, committed 25264K, reserved 1071104K
  class space    used 2864K, capacity 2988K, committed 2992K, reserved 1048576K
}

