# JRE version: Java(TM) SE Runtime Environment (8.0_141-b15) (build 1.8.0_141-b15)
# Java VM: Java HotSpot(TM) 64-Bit Server VM (25.141-b15 mixed mode windows-amd64 compressed oops)
Heap:
 PSYoungGen      total 272896K, used 6260K [0x000000076ae00000, 0x000000077c300000, 0x00000007c0000000)
  eden space 262144K, 2% used [0x000000076ae00000,0x000000076b41d380,0x000000077ae00000)
  from space 10752K, 0% used [0x000000077b880000,0x000000077b880000,0x000000077c300000)
  to   space 10752K, 0% used [0x000000077ae00000,0x000000077ae00000,0x000000077b880000)
 ParOldGen       total 109056K, used 22508K [0x00000006c0a00000, 0x00000006c7480000, 0x000000076ae00000)
  object space 109056K, 20% used [0x00000006c0a00000,0x00000006c1ffb1a8,0x00000006c7480000)
 Metaspace       used 21423K, capacity 22022K, committed 22448K, reserved 1069056K
  class space    used 2548K, capacity 2716K, committed 2816K, reserved 1048576K
GC Heap History (10 events):
Event: 3.081 GC heap before
{Heap before GC invocations=1 (full 0):
 PSYoungGen      total 76288K, used 65536K [0x000000076ae00000, 0x0000000770300000, 0x00000007c0000000)
  eden space 65536K, 100% used [0x000000076ae00000,0x000000076ee00000,0x000000076ee00000)
  from space 10752K, 0% used [0x000000076f880000,0x000000076f880000,0x0000000770300000)
  to   space 10752K, 0% used [0x000000076ee00000,0x000000076ee00000,0x000000076f880000)
 ParOldGen       total 175104K, used 0K [0x00000006c0a00000, 0x00000006cb500000, 0x000000076ae00000)
  object space 175104K, 0% used [0x00000006c0a00000,0x00000006c0a00000,0x00000006cb500000)
 Metaspace       used 12009K, capacity 12222K, committed 12416K, reserved 1060864K
  class space    used 1499K, capacity 1578K, committed 1664K, reserved 1048576K
Event: 3.236 GC heap after
Heap after GC invocations=1 (full 0):
 PSYoungGen      total 76288K, used 10529K [0x000000076ae00000, 0x0000000774300000, 0x00000007c0000000)
  eden space 65536K, 0% used [0x000000076ae00000,0x000000076ae00000,0x000000076ee00000)
  from space 10752K, 97% used [0x000000076ee00000,0x000000076f8486b8,0x000000076f880000)
  to   space 10752K, 0% used [0x0000000773880000,0x0000000773880000,0x0000000774300000)
 ParOldGen       total 175104K, used 0K [0x00000006c0a00000, 0x00000006cb500000, 0x000000076ae00000)
  object space 175104K, 0% used [0x00000006c0a00000,0x00000006c0a00000,0x00000006cb500000)
 Metaspace       used 12009K, capacity 12222K, committed 12416K, reserved 1060864K
  class space    used 1499K, capacity 1578K, committed 1664K, reserved 1048576K
}
Event: 6.495 GC heap before
{Heap before GC invocations=2 (full 0):
 PSYoungGen      total 76288K, used 76065K [0x000000076ae00000, 0x0000000774300000, 0x00000007c0000000)
  eden space 65536K, 100% used [0x000000076ae00000,0x000000076ee00000,0x000000076ee00000)
  from space 10752K, 97% used [0x000000076ee00000,0x000000076f8486b8,0x000000076f880000)
  to   space 10752K, 0% used [0x0000000773880000,0x0000000773880000,0x0000000774300000)
 ParOldGen       total 175104K, used 0K [0x00000006c0a00000, 0x00000006cb500000, 0x000000076ae00000)
  object space 175104K, 0% used [0x00000006c0a00000,0x00000006c0a00000,0x00000006cb500000)
 Metaspace       used 15278K, capacity 15554K, committed 15872K, reserved 1062912K
  class space    used 1842K, capacity 1946K, committed 2048K, reserved 1048576K
Event: 6.633 GC heap after
Heap after GC invocations=2 (full 0):
 PSYoungGen      total 141824K, used 10744K [0x000000076ae00000, 0x0000000774300000, 0x00000007c0000000)
  eden space 131072K, 0% used [0x000000076ae00000,0x000000076ae00000,0x0000000772e00000)
  from space 10752K, 99% used [0x0000000773880000,0x00000007742fe010,0x0000000774300000)
  to   space 10752K, 0% used [0x0000000772e00000,0x0000000772e00000,0x0000000773880000)
 ParOldGen       total 175104K, used 3875K [0x00000006c0a00000, 0x00000006cb500000, 0x000000076ae00000)
  object space 175104K, 2% used [0x00000006c0a00000,0x00000006c0dc8c88,0x00000006cb500000)
 Metaspace       used 15278K, capacity 15554K, committed 15872K, reserved 1062912K
  class space    used 1842K, capacity 1946K, committed 2048K, reserved 1048576K
}
Event: 15.169 GC heap before
{Heap before GC invocations=3 (full 0):
 PSYoungGen      total 141824K, used 141816K [0x000000076ae00000, 0x0000000774300000, 0x00000007c0000000)
  eden space 131072K, 100% used [0x000000076ae00000,0x0000000772e00000,0x0000000772e00000)
  from space 10752K, 99% used [0x0000000773880000,0x00000007742fe010,0x0000000774300000)
  to   space 10752K, 0% used [0x0000000772e00000,0x0000000772e00000,0x0000000773880000)
 ParOldGen       total 175104K, used 3875K [0x00000006c0a00000, 0x00000006cb500000, 0x000000076ae00000)
  object space 175104K, 2% used [0x00000006c0a00000,0x00000006c0dc8c88,0x00000006cb500000)
 Metaspace       used 19601K, capacity 20102K, committed 20480K, reserved 1067008K
  class space    used 2315K, capacity 2460K, committed 2560K, reserved 1048576K
Event: 15.208 GC heap after
Heap after GC invocations=3 (full 0):
 PSYoungGen      total 141824K, used 10720K [0x000000076ae00000, 0x000000077c300000, 0x00000007c0000000)
  eden space 131072K, 0% used [0x000000076ae00000,0x000000076ae00000,0x0000000772e00000)
  from space 10752K, 99% used [0x0000000772e00000,0x0000000773878040,0x0000000773880000)
  to   space 10752K, 0% used [0x000000077b880000,0x000000077b880000,0x000000077c300000)
 ParOldGen       total 175104K, used 15426K [0x00000006c0a00000, 0x00000006cb500000, 0x000000076ae00000)
  object space 175104K, 8% used [0x00000006c0a00000,0x00000006c1910a10,0x00000006cb500000)
 Metaspace       used 19601K, capacity 20102K, committed 20480K, reserved 1067008K
  class space    used 2315K, capacity 2460K, committed 2560K, reserved 1048576K
}
Event: 15.289 GC heap before
{Heap before GC invocations=4 (full 0):
 PSYoungGen      total 141824K, used 15903K [0x000000076ae00000, 0x000000077c300000, 0x00000007c0000000)
  eden space 131072K, 3% used [0x000000076ae00000,0x000000076b30fe00,0x0000000772e00000)
  from space 10752K, 99% used [0x0000000772e00000,0x0000000773878040,0x0000000773880000)
  to   space 10752K, 0% used [0x000000077b880000,0x000000077b880000,0x000000077c300000)
 ParOldGen       total 175104K, used 15426K [0x00000006c0a00000, 0x00000006cb500000, 0x000000076ae00000)
  object space 175104K, 8% used [0x00000006c0a00000,0x00000006c1910a10,0x00000006cb500000)
 Metaspace       used 20607K, capacity 21094K, committed 21296K, reserved 1069056K
  class space    used 2460K, capacity 2620K, committed 2688K, reserved 1048576K
Event: 15.314 GC heap after
Heap after GC invocations=4 (full 0):
 PSYoungGen      total 272896K, used 10720K [0x000000076ae00000, 0x000000077c300000, 0x00000007c0000000)
  eden space 262144K, 0% used [0x000000076ae00000,0x000000076ae00000,0x000000077ae00000)
  from space 10752K, 99% used [0x000000077b880000,0x000000077c2f8020,0x000000077c300000)
  to   space 10752K, 0% used [0x000000077ae00000,0x000000077ae00000,0x000000077b880000)
 ParOldGen       total 175104K, used 15797K [0x00000006c0a00000, 0x00000006cb500000, 0x000000076ae00000)
  object space 175104K, 9% used [0x00000006c0a00000,0x00000006c196d558,0x00000006cb500000)
 Metaspace       used 20607K, capacity 21094K, committed 21296K, reserved 1069056K
  class space    used 2460K, capacity 2620K, committed 2688K, reserved 1048576K
}
Event: 15.314 GC heap before
{Heap before GC invocations=5 (full 1):
 PSYoungGen      total 272896K, used 10720K [0x000000076ae00000, 0x000000077c300000, 0x00000007c0000000)
  eden space 262144K, 0% used [0x000000076ae00000,0x000000076ae00000,0x000000077ae00000)
  from space 10752K, 99% used [0x000000077b880000,0x000000077c2f8020,0x000000077c300000)
  to   space 10752K, 0% used [0x000000077ae00000,0x000000077ae00000,0x000000077b880000)
 ParOldGen       total 175104K, used 15797K [0x00000006c0a00000, 0x00000006cb500000, 0x000000076ae00000)
  object space 175104K, 9% used [0x00000006c0a00000,0x00000006c196d558,0x00000006cb500000)
 Metaspace       used 20607K, capacity 21094K, committed 21296K, reserved 1069056K
  class space    used 2460K, capacity 2620K, committed 2688K, reserved 1048576K
Event: 15.468 GC heap after
Heap after GC invocations=5 (full 1):
 PSYoungGen      total 272896K, used 0K [0x000000076ae00000, 0x000000077c300000, 0x00000007c0000000)
  eden space 262144K, 0% used [0x000000076ae00000,0x000000076ae00000,0x000000077ae00000)
  from space 10752K, 0% used [0x000000077b880000,0x000000077b880000,0x000000077c300000)
  to   space 10752K, 0% used [0x000000077ae00000,0x000000077ae00000,0x000000077b880000)
 ParOldGen       total 109056K, used 22508K [0x00000006c0a00000, 0x00000006c7480000, 0x000000076ae00000)
  object space 109056K, 20% used [0x00000006c0a00000,0x00000006c1ffb1a8,0x00000006c7480000)
 Metaspace       used 20607K, capacity 21094K, committed 21296K, reserved 1069056K
  class space    used 2460K, capacity 2620K, committed 2688K, reserved 1048576K
}

